2024-08-13 10:17:31 [main] INFO  c.f.a.AuctionAppApplication - Starting AuctionAppApplication using Java 22.0.1 with PID 12624 (G:\Projects\FypSpringBoot\AuctionSiteTest\auction-app\target\classes started by jeffr in G:\Projects\FypSpringBoot\AuctionSiteTest\auction-app)
2024-08-13 10:17:31 [main] INFO  c.f.a.AuctionAppApplication - No active profile set, falling back to 1 default profile: "default"
2024-08-13 10:17:32 [main] INFO  o.s.d.r.c.RepositoryConfigurationDelegate - Bootstrapping Spring Data JPA repositories in DEFAULT mode.
2024-08-13 10:17:33 [main] INFO  o.s.d.r.c.RepositoryConfigurationDelegate - Finished Spring Data repository scanning in 119 ms. Found 14 JPA repository interfaces.
2024-08-13 10:17:34 [main] INFO  o.s.b.w.e.tomcat.TomcatWebServer - Tomcat initialized with port 8080 (http)
2024-08-13 10:17:34 [main] INFO  o.a.catalina.core.StandardService - Starting service [Tomcat]
2024-08-13 10:17:34 [main] INFO  o.a.catalina.core.StandardEngine - Starting Servlet engine: [Apache Tomcat/10.1.24]
2024-08-13 10:17:34 [main] INFO  o.apache.jasper.servlet.TldScanner - At least one JAR was scanned for TLDs yet contained no TLDs. Enable debug logging for this logger for a complete list of JARs that were scanned but no TLDs were found in them. Skipping unneeded JARs during scanning can improve startup time and JSP compilation time.
2024-08-13 10:17:34 [main] INFO  o.a.c.c.C.[Tomcat].[localhost].[/] - Initializing Spring embedded WebApplicationContext
2024-08-13 10:17:34 [main] INFO  o.s.b.w.s.c.ServletWebServerApplicationContext - Root WebApplicationContext: initialization completed in 2445 ms
2024-08-13 10:17:34 [main] INFO  o.h.jpa.internal.util.LogHelper - HHH000204: Processing PersistenceUnitInfo [name: default]
2024-08-13 10:17:34 [main] INFO  org.hibernate.Version - HHH000412: Hibernate ORM core version 6.4.8.Final
2024-08-13 10:17:34 [main] INFO  o.h.c.i.RegionFactoryInitiator - HHH000026: Second-level cache disabled
2024-08-13 10:17:35 [main] INFO  o.s.o.j.p.SpringPersistenceUnitInfo - No LoadTimeWeaver setup: ignoring JPA class transformer
2024-08-13 10:17:35 [main] INFO  com.zaxxer.hikari.HikariDataSource - HikariPool-1 - Starting...
2024-08-13 10:17:35 [main] INFO  com.zaxxer.hikari.pool.HikariPool - HikariPool-1 - Added connection com.mysql.cj.jdbc.ConnectionImpl@6c27e700
2024-08-13 10:17:35 [main] INFO  com.zaxxer.hikari.HikariDataSource - HikariPool-1 - Start completed.
2024-08-13 10:17:35 [main] WARN  org.hibernate.orm.deprecation - HHH90000025: MySQLDialect does not need to be specified explicitly using 'hibernate.dialect' (remove the property setting and it will be selected by default)
2024-08-13 10:17:37 [main] INFO  o.h.e.t.j.p.i.JtaPlatformInitiator - HHH000489: No JTA platform available (set 'hibernate.transaction.jta.platform' to enable JTA platform integration)
2024-08-13 10:17:37 [main] INFO  o.s.o.j.LocalContainerEntityManagerFactoryBean - Initialized JPA EntityManagerFactory for persistence unit 'default'
2024-08-13 10:17:37 [main] INFO  o.s.d.j.r.query.QueryEnhancerFactory - Hibernate is in classpath; If applicable, HQL parser will be used.
2024-08-13 10:17:38 [main] INFO  o.s.b.f.a.AutowiredAnnotationBeanPostProcessor - Autowired annotation is not supported on static fields: private static final org.slf4j.Logger com.fyp.auction_app.schedulers.ItemStatusScheduler.logger
2024-08-13 10:17:38 [main] WARN  o.s.b.a.o.j.JpaBaseConfiguration$JpaWebConfiguration - spring.jpa.open-in-view is enabled by default. Therefore, database queries may be performed during view rendering. Explicitly configure spring.jpa.open-in-view to disable this warning
2024-08-13 10:17:39 [main] DEBUG o.s.w.s.m.m.a.RequestMappingHandlerMapping - 72 mappings in 'requestMappingHandlerMapping'
2024-08-13 10:17:39 [main] DEBUG o.s.w.s.h.SimpleUrlHandlerMapping - Patterns [/webjars/**, /**] in 'resourceHandlerMapping'
2024-08-13 10:17:39 [main] INFO  o.s.s.web.DefaultSecurityFilterChain - Will secure any request with [org.springframework.security.web.session.DisableEncodeUrlFilter@38379575, org.springframework.security.web.context.request.async.WebAsyncManagerIntegrationFilter@271df4c0, org.springframework.security.web.context.SecurityContextHolderFilter@286f8e90, org.springframework.security.web.header.HeaderWriterFilter@e8c381e, org.springframework.security.web.authentication.logout.LogoutFilter@142f0ac1, com.fyp.auction_app.config.JwtAuthenticationFilter@1659d7d, org.springframework.security.web.savedrequest.RequestCacheAwareFilter@4ea8832c, org.springframework.security.web.servletapi.SecurityContextHolderAwareRequestFilter@45e6f47a, org.springframework.security.web.authentication.AnonymousAuthenticationFilter@86e7c7a, org.springframework.security.web.session.SessionManagementFilter@5f7a2a79, org.springframework.security.web.access.ExceptionTranslationFilter@2cd6112b, org.springframework.security.web.access.intercept.AuthorizationFilter@4daa53e0]
2024-08-13 10:17:39 [main] DEBUG o.s.w.s.m.m.a.RequestMappingHandlerAdapter - ControllerAdvice beans: 0 @ModelAttribute, 0 @InitBinder, 1 RequestBodyAdvice, 1 ResponseBodyAdvice
2024-08-13 10:17:39 [main] DEBUG o.s.w.s.m.m.a.ExceptionHandlerExceptionResolver - ControllerAdvice beans: 0 @ExceptionHandler, 1 ResponseBodyAdvice
2024-08-13 10:17:39 [main] INFO  o.s.b.w.e.tomcat.TomcatWebServer - Tomcat started on port 8080 (http) with context path ''
2024-08-13 10:17:39 [main] INFO  c.f.a.AuctionAppApplication - Started AuctionAppApplication in 8.53 seconds (process running for 9.305)
2024-08-13 10:17:39 [scheduling-1] INFO  c.f.a.schedulers.ItemStatusScheduler - Update Item Status Started
2024-08-13 10:17:39 [scheduling-1] INFO  c.f.a.schedulers.ItemStatusScheduler - Update Item Status Ended
